<?xml version="1.0" encoding="UTF-8"?>
<testsuite name="lab1.StrCalcTest" tests="1" skipped="0" failures="0" errors="0" timestamp="2023-09-24T16:45:36" hostname="fedora" time="0.021">
  <properties/>
  <testcase name="addition()" classname="lab1.StrCalcTest" time="0.021"/>
  <system-out><![CDATA[Error: Invalid string provided
java.lang.Exception: Delimiters cannot go one after another
]]></system-out>
  <system-err><![CDATA[]]></system-err>
</testsuite>
